<?xml version="1.0" encoding="UTF-8"?>
<Site BuildName="(empty)"
	BuildStamp="20250108-0247-Experimental"
	Name="sysu-Lenovo-Legion"
	Generator="ctest-3.11.3"
	CompilerName="/usr/bin/c++"
	CompilerVersion="10.5.0"
	OSName="Linux"
	Hostname="sysu-Lenovo-Legion"
	OSRelease="5.15.0-127-generic"
	OSVersion="#137~20.04.1-Ubuntu SMP Fri Nov 15 14:46:54 UTC 2024"
	OSPlatform="x86_64"
	Is64Bits="1"
	VendorString="AuthenticAMD"
	VendorID="Advanced Micro Devices"
	FamilyID="25"
	ModelID="80"
	ProcessorCacheSize="512"
	NumberOfLogicalCPU="16"
	NumberOfPhysicalCPU="8"
	TotalVirtualMemory="34398"
	TotalPhysicalMemory="64150"
	LogicalProcessorsPerPhysical="2"
	ProcessorClockFrequency="3973.55"
	>
	<Testing>
		<StartDateTime>Jan 08 10:49 CST</StartDateTime>
		<StartTestTime>1736304595</StartTestTime>
		<TestList/>
		<EndDateTime>Jan 08 10:49 CST</EndDateTime>
		<EndTestTime>1736304595</EndTestTime>
		<ElapsedMinutes>0</ElapsedMinutes>
	</Testing>
</Site>
